<?xml version="1.0" encoding="UTF-8"?>
<coverage generated="1763693793824" clover="3.2.0">
  <project timestamp="1763693793825" name="All files">
    <metrics statements="5" coveredstatements="5" conditionals="2" coveredconditionals="1" methods="4" coveredmethods="4" elements="11" coveredelements="10" complexity="0" loc="5" ncloc="5" packages="1" files="1" classes="1"/>
    <file name="math.ts" path="C:\Users\Juan Kahel\OneDrive\Escritorio\Karen USH\Parcial_Calidad\src\math.ts">
      <metrics statements="5" coveredstatements="5" conditionals="2" coveredconditionals="1" methods="4" coveredmethods="4"/>
      <line num="2" count="1" type="stmt"/>
      <line num="6" count="1" type="stmt"/>
      <line num="10" count="1" type="stmt"/>
      <line num="14" count="1" type="cond" truecount="1" falsecount="1"/>
      <line num="17" count="1" type="stmt"/>
    </file>
  </project>
</coverage>
