{"C:\\Users\\Juan Kahel\\OneDrive\\Escritorio\\Karen USH\\Parcial_Calidad\\src\\math.ts": {"path":"C:\\Users\\Juan Kahel\\OneDrive\\Escritorio\\Karen USH\\Parcial_Calidad\\src\\math.ts","statementMap":{"0":{"start":{"line":17,"column":9},"end":{"line":17,"column":14}},"1":{"start":{"line":17,"column":16},"end":{"line":17,"column":22}},"2":{"start":{"line":17,"column":24},"end":{"line":17,"column":35}},"3":{"start":{"line":17,"column":37},"end":{"line":17,"column":44}},"4":{"start":{"line":2,"column":4},"end":{"line":2,"column":17}},"5":{"start":{"line":6,"column":4},"end":{"line":6,"column":17}},"6":{"start":{"line":10,"column":4},"end":{"line":10,"column":17}},"7":{"start":{"line":14,"column":4},"end":{"line":14,"column":31}}},"fnMap":{"0":{"name":"sumar","decl":{"start":{"line":1,"column":9},"end":{"line":1,"column":14}},"loc":{"start":{"line":1,"column":35},"end":{"line":3,"column":1}}},"1":{"name":"restar","decl":{"start":{"line":5,"column":9},"end":{"line":5,"column":15}},"loc":{"start":{"line":5,"column":36},"end":{"line":7,"column":1}}},"2":{"name":"multiplicar","decl":{"start":{"line":9,"column":9},"end":{"line":9,"column":20}},"loc":{"start":{"line":9,"column":41},"end":{"line":11,"column":1}}},"3":{"name":"dividir","decl":{"start":{"line":13,"column":9},"end":{"line":13,"column":16}},"loc":{"start":{"line":13,"column":37},"end":{"line":15,"column":1}}}},"branchMap":{"0":{"loc":{"start":{"line":14,"column":11},"end":{"line":14,"column":30}},"type":"cond-expr","locations":[{"start":{"line":14,"column":21},"end":{"line":14,"column":22}},{"start":{"line":14,"column":25},"end":{"line":14,"column":30}}]}},"s":{"0":1,"1":1,"2":1,"3":1,"4":1,"5":1,"6":1,"7":1},"f":{"0":1,"1":1,"2":1,"3":1},"b":{"0":[0,1]}}
}
